<?xml version="1.0" encoding="utf-8"?><testsuites name="pytest tests"><testsuite name="pytest" errors="0" failures="0" skipped="0" tests="35" time="8.049" timestamp="2026-08-25T21:05:39.306812+00:00" hostname="agent-env-a0468e21-b37c-45da-9bb8-6ef7c5eedef9"><testcase classname="tests.test_uploads.TestUploadSecurity" name="test_upload_requires_auth" time="0.335" /><testcase classname="tests.test_admin.TestAuth" name="test_login_success" time="0.621" /><testcase classname="tests.test_admin.TestAuth" name="test_login_wrong_password" time="0.472" /><testcase classname="tests.test_uploads.TestUploadSecurity" name="test_disallowed_content_type[application/x-msdownload]" time="0.747" /><testcase classname="tests.test_uploads.TestUploadSecurity" name="test_disallowed_content_type[text/html]" time="0.075" /><testcase classname="tests.test_admin.TestAuth" name="test_login_invalid_email_format" time="0.083" /><testcase classname="tests.test_uploads.TestUploadSecurity" name="test_invalid_upload_id" time="0.080" /><testcase classname="tests.test_admin.TestAuth" name="test_me_requires_token" time="0.140" /><testcase classname="tests.test_uploads.TestUploadSecurity" name="test_image_over_15mb_rejected" time="1.410" /><testcase classname="tests.test_admin.TestAuth" name="test_me_with_token" time="0.138" /><testcase classname="tests.test_admin.TestAuth" name="test_me_with_garbage_token" time="0.136" /><testcase classname="tests.test_admin.TestAuth" name="test_bcrypt_hash_format" time="0.008" /><testcase classname="tests.test_admin.TestSiteImages" name="test_get_public" time="0.071" /><testcase classname="tests.test_admin.TestSiteImages" name="test_put_requires_auth" time="0.178" /><testcase classname="tests.test_admin.TestSiteImages" name="test_put_unknown_key_rejected" time="0.153" /><testcase classname="tests.test_admin.TestSiteImages" name="test_put_non_http_url_rejected" time="0.236" /><testcase classname="tests.test_admin.TestSiteImages" name="test_put_and_get_persistence_then_restore" time="0.730" /><testcase classname="tests.test_uploads.TestUploadSecurity" name="test_unknown_file_path_404" time="0.079" /><testcase classname="tests.backend_test.TestContact" name="test_create_enquiry_full_payload" time="0.692" /><testcase classname="tests.test_uploads.TestSiteImages" name="test_get_public" time="0.146" /><testcase classname="tests.test_uploads.TestSiteImages" name="test_put_rejects_unknown_key" time="0.401" /><testcase classname="tests.backend_test.TestContact" name="test_create_enquiry_minimal_payload" time="0.331" /><testcase classname="tests.test_uploads.TestSiteImages" name="test_put_rejects_bad_scheme" time="0.204" /><testcase classname="tests.test_uploads.TestSiteImages" name="test_put_requires_auth" time="0.078" /><testcase classname="tests.backend_test.TestContact" name="test_create_enquiry_missing_required_fields" time="0.071" /><testcase classname="tests.test_uploads.TestSiteImages" name="test_put_accepts_api_files_url_and_merges" time="0.750" /><testcase classname="tests.backend_test.TestContact" name="test_create_enquiry_invalid_email_rejected" time="0.071" /><testcase classname="tests.backend_test.TestContact" name="test_list_enquiries_endpoint_removed" time="0.068" /><testcase classname="tests.test_db_persistence" name="test_enquiry_persisted_and_cleaned_up" time="0.456" /><testcase classname="tests.test_lockout" name="test_lockout_after_five_failures" time="1.061" /><testcase classname="tests.backend_test.TestHealth" name="test_root" time="0.147" /><testcase classname="tests.backend_test.TestStatus" name="test_status_create_and_list" time="0.210" /><testcase classname="tests.test_uploads_db" name="test_upload_recorded_in_mongo_files_collection" time="0.932" /><testcase classname="tests.test_uploads.TestUploadImage" name="test_single_chunk_image_upload_and_serve" time="0.857" /><testcase classname="tests.test_uploads.TestChunkAssembly" name="test_multi_chunk_assembles_identically" time="1.063" /></testsuite></testsuites>